<?xml version="1.0" encoding="UTF-8"?>
<!-- Generated by org.testng.reporters.JUnitXMLReporter -->
<testsuite ignored="0" hostname="Aj28" failures="0" tests="5" name="Default test" time="4.617" errors="0" timestamp="2022-11-28T21:32:26 IST">
  <testcase classname="testcases.VideoGameDemo" name="GetAllVideoGames" time="2.659"/>
  <testcase classname="testcases.VideoGameDemo" name="PostVideoGame" time="0.584"/>
  <testcase classname="testcases.VideoGameDemo" name="PutVideoGame" time="1.174"/>
  <testcase classname="testcases.VideoGameDemo" name="getVideoGame" time="0.073"/>
  <testcase classname="testcases.VideoGameDemo" name="deleteVideoGame" time="0.037"/>
</testsuite> <!-- Default test -->
